<?xml version="1.0" encoding="UTF-8"?>
<!-- Generated by org.testng.reporters.JUnitXMLReporter -->
<testsuite hostname="baoqiandeMacBook-Pro.local" ignored="0" name="Command line test" tests="3" failures="1" timestamp="2019-09-28T17:22:46 CST" time="6.825" errors="0">
  <testcase name="test" time="1.486" classname="com.bx.testng.homeTest"/>
  <testcase name="home" time="3.452" classname="com.bx.testng.LoginTest">
    <failure type="java.lang.AssertionError" message="登录成功跳转首页失败！ expected [true] but found [false]">
      <![CDATA[java.lang.AssertionError: 登录成功跳转首页失败！ expected [true] but found [false]
at com.bx.testng.LoginTest.home(LoginTest.java:69)
at java.util.ArrayList.forEach(ArrayList.java:1257)
... Removed 37 stack frames]]>
    </failure>
  </testcase> <!-- home -->
  <testcase name="test" time="1.164" classname="com.bx.testng.LoginTest"/>
</testsuite> <!-- Command line test -->
